<?xml version="1.0" encoding="UTF-8"?>
<!-- Generated by org.testng.reporters.JUnitReportReporter -->
<testsuite skipped="0" hostname="XIPL9411" name="Test_get01" tests="1" failures="1" timestamp="2020-06-06T14:21:18 IST" time="5.117" errors="0">
  <testcase name="getrequest" time="5.117" classname="Test_get01">
    <failure type="java.lang.AssertionError" message="1 expectation failed.
XML path page doesn&#039;t match.
Expected: &lt;2&gt;
  Actual: 
      (function(w, d, s, l, i) {
        w[l] = w[l] || [];
        w[l].push({ &quot;gtm.start&quot;: new Date().getTime(), event: &quot;gtm.js&quot; });
        var f = d.getElementsByTagName(s)[0],
          j = d.createElement(s),
          dl = l != &quot;dataLayer&quot; ? &quot;&amp;l=&quot; + l : &quot;&quot;;
        j.async = true;
        j.src = &quot;https://www.googletagmanager.com/gtm.js?id=&quot; + i + dl;
        f.parentNode.insertBefore(j, f);
      })(window, document, &quot;script&quot;, &quot;dataLayer&quot;, &quot;GTM-KB622KF&quot;);
    nullnullnull
      Reqres - A hosted REST-API ready to respond to your AJAX requests
    nullnullReq | ResTest your front-end against a real APIFake data
                  No more tedious sample data creation, we&#039;ve got it covered.
                nullReal responses
                  Develop with real response codes. GET, POST, PUT &amp; DELETE
                  supported.
                nullAlways-onfreenull
            A hosted REST-API ready to respond to your AJAX requests.
          nullnullGive it a trynull
              List users
            
              Single user
            
              Single user not found
            
              List &lt;resource&gt;
            
              Single &lt;resource&gt;
            
              Single &lt;resource&gt; not found
            
              Create
            
              Update
            
              Update
            
              Delete
            
              Register - successful
            
            Register - unsuccessful
          
              Login - successful
            
              Login - unsuccessful
            
              Delayed response
            nullnullnullnullnullnullnullnullIt’s all in the detailsnullnullHerokunullnullnullhttps://reqres.in/api/nullnullnullLanguage agnosticnullnullapplication/jsonnullnullGetting startednullnulljQueryIf you, for example, want to create a fake user:$.ajax({
    url: &quot;https://reqres.in/api/users&quot;,
    type: &quot;POST&quot;,
    data: {
        name: &quot;paul rudd&quot;,
        movies: [&quot;I Love You Man&quot;, &quot;Role Models&quot;]
    },
    success: function(response){
        console.log(response);
    }
});
				For which the response to this request will be...{
    &quot;name&quot;:&quot;paul rudd&quot;,
    &quot;movies[]&quot;:[
        &quot;I Love You Man&quot;,
        &quot;Role Models&quot;
    ],
    &quot;id&quot;:&quot;243&quot;,
    &quot;createdAt&quot;:&quot;2014-10-18T12:09:05.255Z&quot;
}
				idcreatedAtNative JavaScript
          If you&#039;ve already got your own application entities, ie. &quot;products&quot;,
          you can send them in the endpoint URL, like so:
        var xhr = new XMLHttpRequest();
xhr.open(&quot;GET&quot;, &quot;https://reqres.in/api/products/3&quot;, true);
xhr.onload = function(){
    console.log(xhr.responseText);
};
xhr.send();
				
          It would be impossible for Reqres to know your application data, so
          the API will respond from a sample set of Pantone colour data
        {
    &quot;data&quot;:{
        &quot;id&quot;:3,
        &quot;name&quot;:&quot;true red&quot;,
        &quot;year&quot;:2002,
        &quot;pantone_value&quot;:&quot;19-1664&quot;
    }
}
				
          It&#039;s entirely possible to get sample data into your interface in
          seconds!
        Still don&#039;t really get it...nullnullrealnullnullnull?delay=&lt;a number of seconds&gt;nullTechnical demos and tutorialsnullnullnullRapid prototyping of interfacesthereSailsjsnullnullPeace of mindnullnullpretty weirddoes not store any of your dataAdvertisingnullinfo [pdf]ContactLooking for pro features?nullUpgradeAce.nullEmail Address nullnullnullnullnullnullBen Howdlenullnullnull
      (function(i, s, o, g, r, a, m) {
        i[&quot;GoogleAnalyticsObject&quot;] = r;
        (i[r] =
          i[r] ||
          function() {
            (i[r].q = i[r].q || []).push(arguments);
          }),
          (i[r].l = 1 * new Date());
        (a = s.createElement(o)), (m = s.getElementsByTagName(o)[0]);
        a.async = 1;
        a.src = g;
        m.parentNode.insertBefore(a, m);
      })(
        window,
        document,
        &quot;script&quot;,
        &quot;//www.google-analytics.com/analytics.js&quot;,
        &quot;ga&quot;
      );

      ga(&quot;create&quot;, &quot;UA-55888877-1&quot;, &quot;auto&quot;);
      ga(&quot;send&quot;, &quot;pageview&quot;);
    
">
      <![CDATA[java.lang.AssertionError: 1 expectation failed.
XML path page doesn't match.
Expected: <2>
  Actual: 
      (function(w, d, s, l, i) {
        w[l] = w[l] || [];
        w[l].push({ "gtm.start": new Date().getTime(), event: "gtm.js" });
        var f = d.getElementsByTagName(s)[0],
          j = d.createElement(s),
          dl = l != "dataLayer" ? "&l=" + l : "";
        j.async = true;
        j.src = "https://www.googletagmanager.com/gtm.js?id=" + i + dl;
        f.parentNode.insertBefore(j, f);
      })(window, document, "script", "dataLayer", "GTM-KB622KF");
    nullnullnull
      Reqres - A hosted REST-API ready to respond to your AJAX requests
    nullnullReq | ResTest your front-end against a real APIFake data
                  No more tedious sample data creation, we've got it covered.
                nullReal responses
                  Develop with real response codes. GET, POST, PUT & DELETE
                  supported.
                nullAlways-onfreenull
            A hosted REST-API ready to respond to your AJAX requests.
          nullnullGive it a trynull
              List users
            
              Single user
            
              Single user not found
            
              List <resource>
            
              Single <resource>
            
              Single <resource> not found
            
              Create
            
              Update
            
              Update
            
              Delete
            
              Register - successful
            
            Register - unsuccessful
          
              Login - successful
            
              Login - unsuccessful
            
              Delayed response
            nullnullnullnullnullnullnullnullIt’s all in the detailsnullnullHerokunullnullnullhttps://reqres.in/api/nullnullnullLanguage agnosticnullnullapplication/jsonnullnullGetting startednullnulljQueryIf you, for example, want to create a fake user:$.ajax({
    url: "https://reqres.in/api/users",
    type: "POST",
    data: {
        name: "paul rudd",
        movies: ["I Love You Man", "Role Models"]
    },
    success: function(response){
        console.log(response);
    }
});
For which the response to this request will be...{
    "name":"paul rudd",
    "movies[]":[
        "I Love You Man",
        "Role Models"
    ],
    "id":"243",
    "createdAt":"2014-10-18T12:09:05.255Z"
}
idcreatedAtNative JavaScript
          If you've already got your own application entities, ie. "products",
          you can send them in the endpoint URL, like so:
        var xhr = new XMLHttpRequest();
xhr.open("GET", "https://reqres.in/api/products/3", true);
xhr.onload = function(){
    console.log(xhr.responseText);
};
xhr.send();

          It would be impossible for Reqres to know your application data, so
          the API will respond from a sample set of Pantone colour data
        {
    "data":{
        "id":3,
        "name":"true red",
        "year":2002,
        "pantone_value":"19-1664"
    }
}

          It's entirely possible to get sample data into your interface in
          seconds!
        Still don't really get it...nullnullrealnullnullnull?delay=<a number of seconds>nullTechnical demos and tutorialsnullnullnullRapid prototyping of interfacesthereSailsjsnullnullPeace of mindnullnullpretty weirddoes not store any of your dataAdvertisingnullinfo [pdf]ContactLooking for pro features?nullUpgradeAce.nullEmail Address nullnullnullnullnullnullBen Howdlenullnullnull
      (function(i, s, o, g, r, a, m) {
        i["GoogleAnalyticsObject"] = r;
        (i[r] =
          i[r] ||
          function() {
            (i[r].q = i[r].q || []).push(arguments);
          }),
          (i[r].l = 1 * new Date());
        (a = s.createElement(o)), (m = s.getElementsByTagName(o)[0]);
        a.async = 1;
        a.src = g;
        m.parentNode.insertBefore(a, m);
      })(
        window,
        document,
        "script",
        "//www.google-analytics.com/analytics.js",
        "ga"
      );

      ga("create", "UA-55888877-1", "auto");
      ga("send", "pageview");
    

at sun.reflect.NativeConstructorAccessorImpl.newInstance0(Native Method)
at sun.reflect.NativeConstructorAccessorImpl.newInstance(Unknown Source)
at sun.reflect.DelegatingConstructorAccessorImpl.newInstance(Unknown Source)
at java.lang.reflect.Constructor.newInstance(Unknown Source)
at org.codehaus.groovy.reflection.CachedConstructor.invoke(CachedConstructor.java:72)
at org.codehaus.groovy.reflection.CachedConstructor.doConstructorInvoke(CachedConstructor.java:59)
at org.codehaus.groovy.runtime.callsite.ConstructorSite$ConstructorSiteNoUnwrap.callConstructor(ConstructorSite.java:84)
at org.codehaus.groovy.runtime.callsite.CallSiteArray.defaultCallConstructor(CallSiteArray.java:59)
at org.codehaus.groovy.runtime.callsite.AbstractCallSite.callConstructor(AbstractCallSite.java:263)
at org.codehaus.groovy.runtime.callsite.AbstractCallSite.callConstructor(AbstractCallSite.java:277)
at io.restassured.internal.ResponseSpecificationImpl$HamcrestAssertionClosure.validate(ResponseSpecificationImpl.groovy:493)
at io.restassured.internal.ResponseSpecificationImpl$HamcrestAssertionClosure$validate$1.call(Unknown Source)
at io.restassured.internal.ResponseSpecificationImpl.validateResponseIfRequired(ResponseSpecificationImpl.groovy:674)
at sun.reflect.NativeMethodAccessorImpl.invoke0(Native Method)
at sun.reflect.NativeMethodAccessorImpl.invoke(Unknown Source)
at sun.reflect.DelegatingMethodAccessorImpl.invoke(Unknown Source)
at java.lang.reflect.Method.invoke(Unknown Source)
at org.codehaus.groovy.runtime.callsite.PlainObjectMetaMethodSite.doInvoke(PlainObjectMetaMethodSite.java:43)
at org.codehaus.groovy.runtime.callsite.PogoMetaMethodSite$PogoCachedMethodSiteNoUnwrapNoCoerce.invoke(PogoMetaMethodSite.java:193)
at org.codehaus.groovy.runtime.callsite.PogoMetaMethodSite.callCurrent(PogoMetaMethodSite.java:61)
at org.codehaus.groovy.runtime.callsite.CallSiteArray.defaultCallCurrent(CallSiteArray.java:51)
at org.codehaus.groovy.runtime.callsite.AbstractCallSite.callCurrent(AbstractCallSite.java:171)
at org.codehaus.groovy.runtime.callsite.AbstractCallSite.callCurrent(AbstractCallSite.java:185)
at io.restassured.internal.ResponseSpecificationImpl.body(ResponseSpecificationImpl.groovy:261)
at io.restassured.specification.ResponseSpecification$body$2.callCurrent(Unknown Source)
at org.codehaus.groovy.runtime.callsite.CallSiteArray.defaultCallCurrent(CallSiteArray.java:51)
at org.codehaus.groovy.runtime.callsite.AbstractCallSite.callCurrent(AbstractCallSite.java:171)
at org.codehaus.groovy.runtime.callsite.AbstractCallSite.callCurrent(AbstractCallSite.java:212)
at io.restassured.internal.ResponseSpecificationImpl.body(ResponseSpecificationImpl.groovy:108)
at io.restassured.internal.ValidatableResponseOptionsImpl.body(ValidatableResponseOptionsImpl.java:244)
at io.restassured.internal.ValidatableResponseImpl.super$2$body(ValidatableResponseImpl.groovy)
at sun.reflect.NativeMethodAccessorImpl.invoke0(Native Method)
at sun.reflect.NativeMethodAccessorImpl.invoke(Unknown Source)
at sun.reflect.DelegatingMethodAccessorImpl.invoke(Unknown Source)
at java.lang.reflect.Method.invoke(Unknown Source)
at org.codehaus.groovy.reflection.CachedMethod.invoke(CachedMethod.java:107)
at groovy.lang.MetaMethod.doMethodInvoke(MetaMethod.java:323)
at groovy.lang.MetaClassImpl.invokeMethod(MetaClassImpl.java:1262)
at org.codehaus.groovy.runtime.ScriptBytecodeAdapter.invokeMethodOnSuperN(ScriptBytecodeAdapter.java:144)
at io.restassured.internal.ValidatableResponseImpl.body(ValidatableResponseImpl.groovy:298)
at io.restassured.internal.ValidatableResponseImpl.body(ValidatableResponseImpl.groovy)
at Test_get01.getrequest(Test_get01.java:16)
at sun.reflect.NativeMethodAccessorImpl.invoke0(Native Method)
at sun.reflect.NativeMethodAccessorImpl.invoke(Unknown Source)
at sun.reflect.DelegatingMethodAccessorImpl.invoke(Unknown Source)
at java.lang.reflect.Method.invoke(Unknown Source)
at org.testng.internal.MethodInvocationHelper.invokeMethod(MethodInvocationHelper.java:134)
at org.testng.internal.TestInvoker.invokeMethod(TestInvoker.java:597)
at org.testng.internal.TestInvoker.invokeTestMethod(TestInvoker.java:173)
at org.testng.internal.MethodRunner.runInSequence(MethodRunner.java:46)
at org.testng.internal.TestInvoker$MethodInvocationAgent.invoke(TestInvoker.java:816)
at org.testng.internal.TestInvoker.invokeTestMethods(TestInvoker.java:146)
at org.testng.internal.TestMethodWorker.invokeTestMethods(TestMethodWorker.java:146)
at org.testng.internal.TestMethodWorker.run(TestMethodWorker.java:128)
at java.util.ArrayList.forEach(Unknown Source)
at org.testng.TestRunner.privateRun(TestRunner.java:766)
at org.testng.TestRunner.run(TestRunner.java:587)
at org.testng.SuiteRunner.runTest(SuiteRunner.java:384)
at org.testng.SuiteRunner.runSequentially(SuiteRunner.java:378)
at org.testng.SuiteRunner.privateRun(SuiteRunner.java:337)
at org.testng.SuiteRunner.run(SuiteRunner.java:286)
at org.testng.SuiteRunnerWorker.runSuite(SuiteRunnerWorker.java:53)
at org.testng.SuiteRunnerWorker.run(SuiteRunnerWorker.java:96)
at org.testng.TestNG.runSuitesSequentially(TestNG.java:1187)
at org.testng.TestNG.runSuitesLocally(TestNG.java:1109)
at org.testng.TestNG.runSuites(TestNG.java:1039)
at org.testng.TestNG.run(TestNG.java:1007)
at org.testng.remote.AbstractRemoteTestNG.run(AbstractRemoteTestNG.java:115)
at org.testng.remote.RemoteTestNG.initAndRun(RemoteTestNG.java:251)
at org.testng.remote.RemoteTestNG.main(RemoteTestNG.java:77)
]]>
    </failure>
  </testcase> <!-- getrequest -->
  <system-out/>
</testsuite> <!-- Test_get01 -->
