<?xml version="1.0" encoding="UTF-8"?>
<!-- Generated by org.testng.reporters.JUnitReportReporter -->
<testsuite skipped="0" hostname="XIPL9411" name="com.qa.tests.Test_put" tests="1" failures="0" timestamp="2020-06-08T12:57:21 IST" time="1.033" errors="0">
  <testcase name="testput" time="1.033" classname="com.qa.tests.Test_put"/>
  <system-out/>
</testsuite> <!-- com.qa.tests.Test_put -->
