<?xml version="1.0" encoding="UTF-8"?>
<!-- Generated by org.testng.reporters.JUnitReportReporter -->
<testsuite skipped="0" hostname="XIPL9411" name="com.qa.tests.Test_put" tests="1" failures="0" timestamp="2020-06-08T22:30:23 IST" time="0.028" errors="1">
  <testcase name="testput" time="0.028" classname="com.qa.tests.Test_put">
    <error type="java.net.UnknownHostException" message="dummy.restapiexample.com">
      <![CDATA[java.net.UnknownHostException: dummy.restapiexample.com
at java.net.InetAddress.getAllByName0(Unknown Source)
at java.net.InetAddress.getAllByName(Unknown Source)
at java.net.InetAddress.getAllByName(Unknown Source)
at org.apache.http.impl.conn.SystemDefaultDnsResolver.resolve(SystemDefaultDnsResolver.java:45)
at org.apache.http.impl.conn.DefaultClientConnectionOperator.resolveHostname(DefaultClientConnectionOperator.java:263)
at org.apache.http.impl.conn.DefaultClientConnectionOperator.openConnection(DefaultClientConnectionOperator.java:162)
at org.apache.http.impl.conn.ManagedClientConnectionImpl.open(ManagedClientConnectionImpl.java:326)
at org.apache.http.impl.client.DefaultRequestDirector.tryConnect(DefaultRequestDirector.java:610)
at org.apache.http.impl.client.DefaultRequestDirector.execute(DefaultRequestDirector.java:445)
at org.apache.http.impl.client.AbstractHttpClient.doExecute(AbstractHttpClient.java:835)
at org.apache.http.impl.client.CloseableHttpClient.execute(CloseableHttpClient.java:83)
at org.apache.http.impl.client.CloseableHttpClient.execute(CloseableHttpClient.java:56)
at org.apache.http.client.HttpClient$execute$0.call(Unknown Source)
at org.codehaus.groovy.runtime.callsite.CallSiteArray.defaultCall(CallSiteArray.java:47)
at org.apache.http.client.HttpClient$execute$0.call(Unknown Source)
at io.restassured.internal.RequestSpecificationImpl$RestAssuredHttpBuilder.doRequest(RequestSpecificationImpl.groovy:2055)
at io.restassured.internal.http.HTTPBuilder.doRequest(HTTPBuilder.java:495)
at io.restassured.internal.http.HTTPBuilder.request(HTTPBuilder.java:452)
at io.restassured.internal.http.HTTPBuilder$request$3.call(Unknown Source)
at io.restassured.internal.RequestSpecificationImpl.sendHttpRequest(RequestSpecificationImpl.groovy:1451)
at sun.reflect.NativeMethodAccessorImpl.invoke0(Native Method)
at sun.reflect.NativeMethodAccessorImpl.invoke(Unknown Source)
at sun.reflect.DelegatingMethodAccessorImpl.invoke(Unknown Source)
at java.lang.reflect.Method.invoke(Unknown Source)
at org.codehaus.groovy.reflection.CachedMethod.invoke(CachedMethod.java:107)
at groovy.lang.MetaMethod.doMethodInvoke(MetaMethod.java:323)
at groovy.lang.MetaClassImpl.invokeMethod(MetaClassImpl.java:1262)
at groovy.lang.MetaClassImpl.invokeMethod(MetaClassImpl.java:1029)
at groovy.lang.MetaClassImpl.invokeMethod(MetaClassImpl.java:816)
at groovy.lang.GroovyObject.invokeMethod(GroovyObject.java:39)
at org.codehaus.groovy.runtime.callsite.PogoInterceptableSite.call(PogoInterceptableSite.java:45)
at org.codehaus.groovy.runtime.callsite.PogoInterceptableSite.callCurrent(PogoInterceptableSite.java:55)
at io.restassured.internal.RequestSpecificationImpl.sendRequest(RequestSpecificationImpl.groovy:1200)
at sun.reflect.NativeMethodAccessorImpl.invoke0(Native Method)
at sun.reflect.NativeMethodAccessorImpl.invoke(Unknown Source)
at sun.reflect.DelegatingMethodAccessorImpl.invoke(Unknown Source)
at java.lang.reflect.Method.invoke(Unknown Source)
at org.codehaus.groovy.reflection.CachedMethod.invoke(CachedMethod.java:107)
at groovy.lang.MetaMethod.doMethodInvoke(MetaMethod.java:323)
at groovy.lang.MetaClassImpl.invokeMethod(MetaClassImpl.java:1262)
at groovy.lang.MetaClassImpl.invokeMethod(MetaClassImpl.java:1029)
at groovy.lang.MetaClassImpl.invokeMethod(MetaClassImpl.java:816)
at groovy.lang.GroovyObject.invokeMethod(GroovyObject.java:39)
at org.codehaus.groovy.runtime.callsite.PogoInterceptableSite.call(PogoInterceptableSite.java:45)
at org.codehaus.groovy.runtime.callsite.AbstractCallSite.call(AbstractCallSite.java:166)
at io.restassured.internal.filter.SendRequestFilter.filter(SendRequestFilter.groovy:30)
at io.restassured.filter.Filter$filter$0.call(Unknown Source)
at org.codehaus.groovy.runtime.callsite.CallSiteArray.defaultCall(CallSiteArray.java:47)
at io.restassured.filter.Filter$filter.call(Unknown Source)
at io.restassured.internal.filter.FilterContextImpl.next(FilterContextImpl.groovy:72)
at io.restassured.filter.time.TimingFilter.filter(TimingFilter.java:56)
at io.restassured.filter.Filter$filter.call(Unknown Source)
at org.codehaus.groovy.runtime.callsite.CallSiteArray.defaultCall(CallSiteArray.java:47)
at io.restassured.filter.Filter$filter$0.call(Unknown Source)
at io.restassured.internal.filter.FilterContextImpl.next(FilterContextImpl.groovy:72)
at io.restassured.filter.FilterContext$next.call(Unknown Source)
at io.restassured.internal.RequestSpecificationImpl.applyPathParamsAndSendRequest(RequestSpecificationImpl.groovy:1655)
at sun.reflect.NativeMethodAccessorImpl.invoke0(Native Method)
at sun.reflect.NativeMethodAccessorImpl.invoke(Unknown Source)
at sun.reflect.DelegatingMethodAccessorImpl.invoke(Unknown Source)
at java.lang.reflect.Method.invoke(Unknown Source)
at org.codehaus.groovy.reflection.CachedMethod.invoke(CachedMethod.java:107)
at groovy.lang.MetaMethod.doMethodInvoke(MetaMethod.java:323)
at groovy.lang.MetaClassImpl.invokeMethod(MetaClassImpl.java:1262)
at groovy.lang.MetaClassImpl.invokeMethod(MetaClassImpl.java:1029)
at groovy.lang.MetaClassImpl.invokeMethod(MetaClassImpl.java:816)
at groovy.lang.GroovyObject.invokeMethod(GroovyObject.java:39)
at org.codehaus.groovy.runtime.callsite.PogoInterceptableSite.call(PogoInterceptableSite.java:45)
at org.codehaus.groovy.runtime.callsite.PogoInterceptableSite.callCurrent(PogoInterceptableSite.java:55)
at org.codehaus.groovy.runtime.callsite.AbstractCallSite.callCurrent(AbstractCallSite.java:203)
at io.restassured.internal.RequestSpecificationImpl.applyPathParamsAndSendRequest(RequestSpecificationImpl.groovy:1661)
at sun.reflect.NativeMethodAccessorImpl.invoke0(Native Method)
at sun.reflect.NativeMethodAccessorImpl.invoke(Unknown Source)
at sun.reflect.DelegatingMethodAccessorImpl.invoke(Unknown Source)
at java.lang.reflect.Method.invoke(Unknown Source)
at org.codehaus.groovy.reflection.CachedMethod.invoke(CachedMethod.java:107)
at groovy.lang.MetaMethod.doMethodInvoke(MetaMethod.java:323)
at groovy.lang.MetaClassImpl.invokeMethod(MetaClassImpl.java:1262)
at groovy.lang.MetaClassImpl.invokeMethod(MetaClassImpl.java:1029)
at groovy.lang.MetaClassImpl.invokeMethod(MetaClassImpl.java:816)
at groovy.lang.GroovyObject.invokeMethod(GroovyObject.java:39)
at org.codehaus.groovy.runtime.callsite.PogoInterceptableSite.call(PogoInterceptableSite.java:45)
at org.codehaus.groovy.runtime.callsite.PogoInterceptableSite.callCurrent(PogoInterceptableSite.java:55)
at org.codehaus.groovy.runtime.callsite.CallSiteArray.defaultCallCurrent(CallSiteArray.java:51)
at org.codehaus.groovy.runtime.callsite.AbstractCallSite.callCurrent(AbstractCallSite.java:171)
at org.codehaus.groovy.runtime.callsite.AbstractCallSite.callCurrent(AbstractCallSite.java:203)
at io.restassured.internal.RequestSpecificationImpl.put(RequestSpecificationImpl.groovy:179)
at io.restassured.internal.RequestSpecificationImpl.put(RequestSpecificationImpl.groovy)
at sun.reflect.NativeMethodAccessorImpl.invoke0(Native Method)
at sun.reflect.NativeMethodAccessorImpl.invoke(Unknown Source)
at sun.reflect.DelegatingMethodAccessorImpl.invoke(Unknown Source)
at java.lang.reflect.Method.invoke(Unknown Source)
at org.codehaus.groovy.reflection.CachedMethod.invoke(CachedMethod.java:107)
at groovy.lang.MetaMethod.doMethodInvoke(MetaMethod.java:323)
at groovy.lang.MetaClassImpl.invokeMethod(MetaClassImpl.java:1262)
at groovy.lang.MetaClassImpl.invokeMethod(MetaClassImpl.java:1029)
at groovy.lang.MetaClassImpl.invokeMethod(MetaClassImpl.java:816)
at groovy.lang.GroovyObject.invokeMethod(GroovyObject.java:39)
at org.codehaus.groovy.runtime.callsite.PogoInterceptableSite.call(PogoInterceptableSite.java:45)
at org.codehaus.groovy.runtime.callsite.PogoInterceptableSite.callCurrent(PogoInterceptableSite.java:55)
at org.codehaus.groovy.runtime.callsite.CallSiteArray.defaultCallCurrent(CallSiteArray.java:51)
at org.codehaus.groovy.runtime.callsite.AbstractCallSite.callCurrent(AbstractCallSite.java:171)
at org.codehaus.groovy.runtime.callsite.AbstractCallSite.callCurrent(AbstractCallSite.java:185)
at io.restassured.internal.RequestSpecificationImpl.put(RequestSpecificationImpl.groovy:263)
at io.restassured.internal.RequestSpecificationImpl.put(RequestSpecificationImpl.groovy)
at com.qa.tests.Test_put.testput(Test_put.java:40)
at sun.reflect.NativeMethodAccessorImpl.invoke0(Native Method)
at sun.reflect.NativeMethodAccessorImpl.invoke(Unknown Source)
at sun.reflect.DelegatingMethodAccessorImpl.invoke(Unknown Source)
at java.lang.reflect.Method.invoke(Unknown Source)
at org.testng.internal.MethodInvocationHelper.invokeMethod(MethodInvocationHelper.java:133)
at org.testng.internal.TestInvoker.invokeMethod(TestInvoker.java:584)
at org.testng.internal.TestInvoker.invokeTestMethod(TestInvoker.java:172)
at org.testng.internal.MethodRunner.runInSequence(MethodRunner.java:46)
at org.testng.internal.TestInvoker$MethodInvocationAgent.invoke(TestInvoker.java:804)
at org.testng.internal.TestInvoker.invokeTestMethods(TestInvoker.java:145)
at org.testng.internal.TestMethodWorker.invokeTestMethods(TestMethodWorker.java:146)
at org.testng.internal.TestMethodWorker.run(TestMethodWorker.java:128)
at java.util.ArrayList.forEach(Unknown Source)
at org.testng.TestRunner.privateRun(TestRunner.java:770)
at org.testng.TestRunner.run(TestRunner.java:591)
at org.testng.SuiteRunner.runTest(SuiteRunner.java:402)
at org.testng.SuiteRunner.runSequentially(SuiteRunner.java:396)
at org.testng.SuiteRunner.privateRun(SuiteRunner.java:355)
at org.testng.SuiteRunner.run(SuiteRunner.java:304)
at org.testng.SuiteRunnerWorker.runSuite(SuiteRunnerWorker.java:53)
at org.testng.SuiteRunnerWorker.run(SuiteRunnerWorker.java:96)
at org.testng.TestNG.runSuitesSequentially(TestNG.java:1180)
at org.testng.TestNG.runSuitesLocally(TestNG.java:1102)
at org.testng.TestNG.runSuites(TestNG.java:1032)
at org.testng.TestNG.run(TestNG.java:1000)
at org.testng.remote.AbstractRemoteTestNG.run(AbstractRemoteTestNG.java:115)
at org.testng.remote.RemoteTestNG.initAndRun(RemoteTestNG.java:251)
at org.testng.remote.RemoteTestNG.main(RemoteTestNG.java:77)
]]>
    </error>
  </testcase> <!-- testput -->
</testsuite> <!-- com.qa.tests.Test_put -->
